PLINK v2.00a3LM 64-bit Intel (20 Sep 2021)
Options in effect:
  --bfile /gdata01/user/yuzhuoma/GxE/package_data/GenoMat_SPAGxE_Plus
  --export bgen-1.2 bits=8 ref-first
  --out /gdata01/user/yuzhuoma/GxE/package_data/GenoMat_SPAGxE_Plus

Hostname: io01
Working directory: /gdata01/user/yuzhuoma
Start time: Sun Dec 22 19:25:12 2024

Random number seed: 1734866712
128230 MiB RAM detected; reserving 64115 MiB for main workspace.
Using up to 24 threads (change this with --threads).
10000 samples (0 females, 10000 males; 10000 founders) loaded from
/gdata01/user/yuzhuoma/GxE/package_data/GenoMat_SPAGxE_Plus.fam.
100 variants loaded from
/gdata01/user/yuzhuoma/GxE/package_data/GenoMat_SPAGxE_Plus.bim.
Note: No phenotype data present.
Warning: '_' present in original sample IDs; --bgen will not be able to
reconstruct them. Consider rerunning with a suitable --export id-delim= value.
Writing /gdata01/user/yuzhuoma/GxE/package_data/GenoMat_SPAGxE_Plus.bgen ...
done.
Writing /gdata01/user/yuzhuoma/GxE/package_data/GenoMat_SPAGxE_Plus.sample ...
done.

End time: Sun Dec 22 19:25:12 2024
